# JRE version: Java(TM) SE Runtime Environment (8.0_191-b12) (build 1.8.0_191-b12)
# Java VM: Java HotSpot(TM) Client VM (25.191-b12 mixed mode windows-x86 )
Heap:
 def new generation   total 157248K, used 157248K [0x06400000, 0x10ea0000, 0x10ea0000)
  eden space 139776K, 100% used [0x06400000, 0x0ec80000, 0x0ec80000)
  from space 17472K, 100% used [0x0fd90000, 0x10ea0000, 0x10ea0000)
  to   space 17472K,   0% used [0x0ec80000, 0x0ec80000, 0x0fd90000)
 tenured generation   total 349568K, used 349567K [0x10ea0000, 0x26400000, 0x26400000)
   the space 349568K,  99% used [0x10ea0000, 0x263fffd8, 0x26400000, 0x26400000)
 Metaspace       used 22792K, capacity 23374K, committed 23552K, reserved 23936K
GC Heap History (10 events):
Event: 78777.777 GC heap before
{Heap before GC invocations=1608 (full 1435):
 def new generation   total 157248K, used 157247K [0x06400000, 0x10ea0000, 0x10ea0000)
  eden space 139776K, 100% used [0x06400000, 0x0ec80000, 0x0ec80000)
  from space 17472K,  99% used [0x0fd90000, 0x10e9ffd8, 0x10ea0000)
  to   space 17472K,   0% used [0x0ec80000, 0x0ec80000, 0x0fd90000)
 tenured generation   total 349568K, used 349568K [0x10ea0000, 0x26400000, 0x26400000)
   the space 349568K, 100% used [0x10ea0000, 0x26400000, 0x26400000, 0x26400000)
 Metaspace       used 22792K, capacity 23374K, committed 23552K, reserved 23936K
Event: 78778.164 GC heap after
Heap after GC invocations=1609 (full 1436):
 def new generation   total 157248K, used 157239K [0x06400000, 0x10ea0000, 0x10ea0000)
  eden space 139776K,  99% used [0x06400000, 0x0ec7f9d8, 0x0ec80000)
  from space 17472K,  99% used [0x0fd90000, 0x10e9e328, 0x10ea0000)
  to   space 17472K,   0% used [0x0ec80000, 0x0ec80000, 0x0fd90000)
 tenured generation   total 349568K, used 349567K [0x10ea0000, 0x26400000, 0x26400000)
   the space 349568K,  99% used [0x10ea0000, 0x263ffed8, 0x26400000, 0x26400000)
 Metaspace       used 22792K, capacity 23374K, committed 23552K, reserved 23936K
}
Event: 78778.165 GC heap before
{Heap before GC invocations=1609 (full 1436):
 def new generation   total 157248K, used 157247K [0x06400000, 0x10ea0000, 0x10ea0000)
  eden space 139776K, 100% used [0x06400000, 0x0ec80000, 0x0ec80000)
  from space 17472K,  99% used [0x0fd90000, 0x10e9ff58, 0x10ea0000)
  to   space 17472K,   0% used [0x0ec80000, 0x0ec80000, 0x0fd90000)
 tenured generation   total 349568K, used 349567K [0x10ea0000, 0x26400000, 0x26400000)
   the space 349568K,  99% used [0x10ea0000, 0x263fffe8, 0x26400000, 0x26400000)
 Metaspace       used 22792K, capacity 23374K, committed 23552K, reserved 23936K
Event: 78778.547 GC heap after
Heap after GC invocations=1610 (full 1437):
 def new generation   total 157248K, used 157239K [0x06400000, 0x10ea0000, 0x10ea0000)
  eden space 139776K,  99% used [0x06400000, 0x0ec7fb00, 0x0ec80000)
  from space 17472K,  99% used [0x0fd90000, 0x10e9e328, 0x10ea0000)
  to   space 17472K,   0% used [0x0ec80000, 0x0ec80000, 0x0fd90000)
 tenured generation   total 349568K, used 349567K [0x10ea0000, 0x26400000, 0x26400000)
   the space 349568K,  99% used [0x10ea0000, 0x263fffe8, 0x26400000, 0x26400000)
 Metaspace       used 22792K, capacity 23374K, committed 23552K, reserved 23936K
}
Event: 78778.548 GC heap before
{Heap before GC invocations=1610 (full 1437):
 def new generation   total 157248K, used 157247K [0x06400000, 0x10ea0000, 0x10ea0000)
  eden space 139776K, 100% used [0x06400000, 0x0ec80000, 0x0ec80000)
  from space 17472K,  99% used [0x0fd90000, 0x10e9ffe0, 0x10ea0000)
  to   space 17472K,   0% used [0x0ec80000, 0x0ec80000, 0x0fd90000)
 tenured generation   total 349568K, used 349567K [0x10ea0000, 0x26400000, 0x26400000)
   the space 349568K,  99% used [0x10ea0000, 0x263fffe8, 0x26400000, 0x26400000)
 Metaspace       used 22792K, capacity 23374K, committed 23552K, reserved 23936K
Event: 78778.933 GC heap after
Heap after GC invocations=1611 (full 1438):
 def new generation   total 157248K, used 157239K [0x06400000, 0x10ea0000, 0x10ea0000)
  eden space 139776K,  99% used [0x06400000, 0x0ec7fbb0, 0x0ec80000)
  from space 17472K,  99% used [0x0fd90000, 0x10e9e198, 0x10ea0000)
  to   space 17472K,   0% used [0x0ec80000, 0x0ec80000, 0x0fd90000)
 tenured generation   total 349568K, used 349567K [0x10ea0000, 0x26400000, 0x26400000)
   the space 349568K,  99% used [0x10ea0000, 0x263fffe8, 0x26400000, 0x26400000)
 Metaspace       used 22792K, capacity 23374K, committed 23552K, reserved 23936K
}
Event: 78778.933 GC heap before
{Heap before GC invocations=1611 (full 1438):
 def new generation   total 157248K, used 157243K [0x06400000, 0x10ea0000, 0x10ea0000)
  eden space 139776K, 100% used [0x06400000, 0x0ec80000, 0x0ec80000)
  from space 17472K,  99% used [0x0fd90000, 0x10e9ef40, 0x10ea0000)
  to   space 17472K,   0% used [0x0ec80000, 0x0ec80000, 0x0fd90000)
 tenured generation   total 349568K, used 349567K [0x10ea0000, 0x26400000, 0x26400000)
   the space 349568K,  99% used [0x10ea0000, 0x263fffe8, 0x26400000, 0x26400000)
 Metaspace       used 22792K, capacity 23374K, committed 23552K, reserved 23936K
Event: 78779.320 GC heap after
Heap after GC invocations=1612 (full 1439):
 def new generation   total 157248K, used 157240K [0x06400000, 0x10ea0000, 0x10ea0000)
  eden space 139776K,  99% used [0x06400000, 0x0ec7fd80, 0x0ec80000)
  from space 17472K,  99% used [0x0fd90000, 0x10e9e410, 0x10ea0000)
  to   space 17472K,   0% used [0x0ec80000, 0x0ec80000, 0x0fd90000)
 tenured generation   total 349568K, used 349567K [0x10ea0000, 0x26400000, 0x26400000)
   the space 349568K,  99% used [0x10ea0000, 0x263fffe8, 0x26400000, 0x26400000)
 Metaspace       used 22792K, capacity 23374K, committed 23552K, reserved 23936K
}
Event: 78779.320 GC heap before
{Heap before GC invocations=1612 (full 1439):
 def new generation   total 157248K, used 157240K [0x06400000, 0x10ea0000, 0x10ea0000)
  eden space 139776K,  99% used [0x06400000, 0x0ec7fd80, 0x0ec80000)
  from space 17472K,  99% used [0x0fd90000, 0x10e9e410, 0x10ea0000)
  to   space 17472K,   0% used [0x0ec80000, 0x0ec80000, 0x0fd90000)
 tenured generation   total 349568K, used 349567K [0x10ea0000, 0x26400000, 0x26400000)
   the space 349568K,  99% used [0x10ea0000, 0x263fffe8, 0x26400000, 0x26400000)
 Metaspace       used 22792K, capacity 23374K, committed 23552K, reserved 23936K
Event: 78779.701 GC heap after
Heap after GC invocations=1613 (full 1440):
 def new generation   total 157248K, used 157240K [0x06400000, 0x10ea0000, 0x10ea0000)
  eden space 139776K,  99% used [0x06400000, 0x0ec7fd80, 0x0ec80000)
  from space 17472K,  99% used [0x0fd90000, 0x10e9e410, 0x10ea0000)
  to   space 17472K,   0% used [0x0ec80000, 0x0ec80000, 0x0fd90000)
 tenured generation   total 349568K, used 349567K [0x10ea0000, 0x26400000, 0x26400000)
   the space 349568K,  99% used [0x10ea0000, 0x263ffed8, 0x26400000, 0x26400000)
 Metaspace       used 22792K, capacity 23374K, committed 23552K, reserved 23936K
}

